[20:19:47] [main/INFO]: Environment: authHost='https://authserver.mojang.com', accountsHost='https://api.mojang.com', sessionHost='https://sessionserver.mojang.com', servicesHost='https://api.minecraftservices.com', name='PROD'
[20:19:48] [main/WARN]: Ambiguity between arguments [teleport, destination] and [teleport, targets] with inputs: [Player, 0123, @e, dd12be42-52a9-4a91-a8a1-11c01849e498]
[20:19:48] [main/WARN]: Ambiguity between arguments [teleport, location] and [teleport, destination] with inputs: [0.1 -0.5 .9, 0 0 0]
[20:19:48] [main/WARN]: Ambiguity between arguments [teleport, location] and [teleport, targets] with inputs: [0.1 -0.5 .9, 0 0 0]
[20:19:48] [main/WARN]: Ambiguity between arguments [teleport, targets] and [teleport, destination] with inputs: [Player, 0123, dd12be42-52a9-4a91-a8a1-11c01849e498]
[20:19:48] [main/WARN]: Ambiguity between arguments [teleport, targets, location] and [teleport, targets, destination] with inputs: [0.1 -0.5 .9, 0 0 0]
[20:19:48] [main/INFO]: Reloading ResourceManager: Default
[20:19:49] [Worker-Main-4/INFO]: Loaded 7 recipes
[20:19:49] [Worker-Main-4/INFO]: Loaded 927 advancements
[20:19:51] [Server thread/INFO]: Starting minecraft server version 1.16.5
[20:19:51] [Server thread/INFO]: Loading properties
[20:19:51] [Server thread/INFO]: Default game type: SURVIVAL
[20:19:51] [Server thread/INFO]: Generating keypair
[20:19:51] [Server thread/INFO]: Starting Minecraft server on *:25565
[20:19:51] [Server thread/INFO]: Using epoll channel type
[20:19:52] [Server thread/WARN]: **** SERVER IS RUNNING IN OFFLINE/INSECURE MODE!
[20:19:52] [Server thread/WARN]: The server will make no attempt to authenticate usernames. Beware.
[20:19:52] [Server thread/WARN]: While this makes the game possible to play without internet access, it also opens up the ability for hackers to connect with any username they choose.
[20:19:52] [Server thread/WARN]: To change this, set "online-mode" to "true" in the server.properties file.
[20:19:52] [Server thread/INFO]: Preparing level "world"
[20:19:52] [Server thread/INFO]: Preparing start region for dimension minecraft:overworld
[20:19:55] [Server thread/INFO]: Preparing spawn area: 0%
[20:19:55] [Server thread/INFO]: Preparing spawn area: 0%
[20:19:55] [Server thread/INFO]: Preparing spawn area: 0%
[20:19:55] [Server thread/INFO]: Preparing spawn area: 0%
[20:19:55] [Server thread/INFO]: Preparing spawn area: 0%
[20:19:55] [Server thread/INFO]: Preparing spawn area: 0%
[20:19:55] [Server thread/INFO]: Preparing spawn area: 0%
[20:19:55] [Worker-Main-6/INFO]: Preparing spawn area: 0%
[20:19:56] [Server thread/INFO]: Preparing spawn area: 69%
[20:19:56] [Server thread/INFO]: Time elapsed: 4237 ms
[20:19:56] [Server thread/INFO]: Done (4.354s)! For help, type "help"
[20:24:17] [Server thread/INFO]: GOMICRACK435[/127.123.60.42:57337] logged in with entity id 46 at (-980.9851852676248, 78.0, -404.30000001192093)
[20:24:17] [Server thread/INFO]: GOMICRACK435 joined the game
